<?xml version="1.0" encoding="UTF-8"?>
<testng-results skipped="0" failed="0" total="1" passed="1">
  <reporter-output>
  </reporter-output>
  <suite name="Default suite" duration-ms="16" started-at="2015-02-17T14:18:55Z" finished-at="2015-02-17T14:18:55Z">
    <groups>
    </groups>
    <test name="Default test" duration-ms="16" started-at="2015-02-17T14:18:55Z" finished-at="2015-02-17T14:18:55Z">
      <class name="mobiletest.testng.MobileTest">
        <test-method status="PASS" signature="beforeMethod()[pri:0, instance:mobiletest.testng.MobileTest@249a2807]" name="beforeMethod" is-config="true" duration-ms="5" started-at="2015-02-17T15:18:55Z" finished-at="2015-02-17T15:18:55Z">
          <reporter-output>
          </reporter-output>
        </test-method> <!-- beforeMethod -->
        <test-method status="PASS" signature="f()[pri:0, instance:mobiletest.testng.MobileTest@249a2807]" name="f" duration-ms="0" started-at="2015-02-17T15:18:55Z" finished-at="2015-02-17T15:18:55Z">
          <reporter-output>
          </reporter-output>
        </test-method> <!-- f -->
        <test-method status="PASS" signature="afterMethod()[pri:0, instance:mobiletest.testng.MobileTest@249a2807]" name="afterMethod" is-config="true" duration-ms="0" started-at="2015-02-17T15:18:55Z" finished-at="2015-02-17T15:18:55Z">
          <reporter-output>
          </reporter-output>
        </test-method> <!-- afterMethod -->
      </class> <!-- mobiletest.testng.MobileTest -->
    </test> <!-- Default test -->
  </suite> <!-- Default suite -->
</testng-results>
